{"level":"error","message":"Failed miserably! Failed miserably!","stack":"Error: Failed miserably!\n    at Object.<anonymous> (C:\\Users\\santi\\Software Development Projects\\Node.js\\Vidly-API\\index.js:30:26)\n    at Module._compile (node:internal/modules/cjs/loader:1730:14)\n    at Object..js (node:internal/modules/cjs/loader:1895:10)\n    at Module.load (node:internal/modules/cjs/loader:1465:32)\n    at Function._load (node:internal/modules/cjs/loader:1282:12)\n    at TracingChannel.traceSync (node:diagnostics_channel:322:14)\n    at wrapModuleLoad (node:internal/modules/cjs/loader:235:24)\n    at Function.executeUserEntryPoint [as runMain] (node:internal/modules/run_main:170:5)\n    at node:internal/main/run_main_module:36:49"}
{"level":"error","message":"Could not get the genres Could not get the genres","stack":"Error: Could not get the genres\n    at C:\\Users\\santi\\Software Development Projects\\Node.js\\Vidly-API\\routes\\genres.js:27:11\n    at C:\\Users\\santi\\Software Development Projects\\Node.js\\Vidly-API\\middleware\\async.js:9:13\n    at Layer.handleRequest (C:\\Users\\santi\\Software Development Projects\\Node.js\\Vidly-API\\node_modules\\router\\lib\\layer.js:152:17)\n    at next (C:\\Users\\santi\\Software Development Projects\\Node.js\\Vidly-API\\node_modules\\router\\lib\\route.js:157:13)\n    at Route.dispatch (C:\\Users\\santi\\Software Development Projects\\Node.js\\Vidly-API\\node_modules\\router\\lib\\route.js:117:3)\n    at handle (C:\\Users\\santi\\Software Development Projects\\Node.js\\Vidly-API\\node_modules\\router\\index.js:435:11)\n    at Layer.handleRequest (C:\\Users\\santi\\Software Development Projects\\Node.js\\Vidly-API\\node_modules\\router\\lib\\layer.js:152:17)\n    at C:\\Users\\santi\\Software Development Projects\\Node.js\\Vidly-API\\node_modules\\router\\index.js:295:15\n    at processParams (C:\\Users\\santi\\Software Development Projects\\Node.js\\Vidly-API\\node_modules\\router\\index.js:582:12)\n    at next (C:\\Users\\santi\\Software Development Projects\\Node.js\\Vidly-API\\node_modules\\router\\index.js:291:5)"}
{"level":"error","message":"Could not get the genres Could not get the genres","stack":"Error: Could not get the genres\n    at C:\\Users\\santi\\Software Development Projects\\Node.js\\Vidly-API\\routes\\genres.js:27:11\n    at C:\\Users\\santi\\Software Development Projects\\Node.js\\Vidly-API\\middleware\\async.js:9:13\n    at Layer.handleRequest (C:\\Users\\santi\\Software Development Projects\\Node.js\\Vidly-API\\node_modules\\router\\lib\\layer.js:152:17)\n    at next (C:\\Users\\santi\\Software Development Projects\\Node.js\\Vidly-API\\node_modules\\router\\lib\\route.js:157:13)\n    at Route.dispatch (C:\\Users\\santi\\Software Development Projects\\Node.js\\Vidly-API\\node_modules\\router\\lib\\route.js:117:3)\n    at handle (C:\\Users\\santi\\Software Development Projects\\Node.js\\Vidly-API\\node_modules\\router\\index.js:435:11)\n    at Layer.handleRequest (C:\\Users\\santi\\Software Development Projects\\Node.js\\Vidly-API\\node_modules\\router\\lib\\layer.js:152:17)\n    at C:\\Users\\santi\\Software Development Projects\\Node.js\\Vidly-API\\node_modules\\router\\index.js:295:15\n    at processParams (C:\\Users\\santi\\Software Development Projects\\Node.js\\Vidly-API\\node_modules\\router\\index.js:582:12)\n    at next (C:\\Users\\santi\\Software Development Projects\\Node.js\\Vidly-API\\node_modules\\router\\index.js:291:5)"}
{"level":"error","message":"Could not get the genres Could not get the genres","stack":"Error: Could not get the genres\n    at C:\\Users\\santi\\Software Development Projects\\Node.js\\Vidly-API\\routes\\genres.js:27:11\n    at C:\\Users\\santi\\Software Development Projects\\Node.js\\Vidly-API\\middleware\\async.js:9:13\n    at Layer.handleRequest (C:\\Users\\santi\\Software Development Projects\\Node.js\\Vidly-API\\node_modules\\router\\lib\\layer.js:152:17)\n    at next (C:\\Users\\santi\\Software Development Projects\\Node.js\\Vidly-API\\node_modules\\router\\lib\\route.js:157:13)\n    at Route.dispatch (C:\\Users\\santi\\Software Development Projects\\Node.js\\Vidly-API\\node_modules\\router\\lib\\route.js:117:3)\n    at handle (C:\\Users\\santi\\Software Development Projects\\Node.js\\Vidly-API\\node_modules\\router\\index.js:435:11)\n    at Layer.handleRequest (C:\\Users\\santi\\Software Development Projects\\Node.js\\Vidly-API\\node_modules\\router\\lib\\layer.js:152:17)\n    at C:\\Users\\santi\\Software Development Projects\\Node.js\\Vidly-API\\node_modules\\router\\index.js:295:15\n    at processParams (C:\\Users\\santi\\Software Development Projects\\Node.js\\Vidly-API\\node_modules\\router\\index.js:582:12)\n    at next (C:\\Users\\santi\\Software Development Projects\\Node.js\\Vidly-API\\node_modules\\router\\index.js:291:5)"}
{"level":"info","message":"Connected to MongoDB"}
{"level":"info","message":"Connected to MongoDB"}
{"level":"info","message":"Connected to MongoDB"}
{"level":"info","message":"Connected to MongoDB"}
{"level":"info","message":"Connected to MongoDB"}
{"level":"info","message":"Connected to MongoDB"}
{"level":"info","message":"Connected to MongoDB"}
{"level":"info","message":"Connected to MongoDB"}
{"level":"info","message":"Connected to MongoDB"}
{"level":"info","message":"Connected to MongoDB"}
{"level":"info","message":"Listening on port 5000"}
{"level":"info","message":"Connected to MongoDB"}
{"level":"info","message":"Listening on port 5000"}
{"level":"info","message":"Connected to MongoDB"}
{"level":"info","message":"Listening on port 5000"}
{"level":"info","message":"Connected to MongoDB"}
{"level":"info","message":"Listening on port 5000"}
{"level":"info","message":"Connected to MongoDB"}
{"level":"info","message":"Listening on port 5000"}
{"level":"info","message":"MongoDB"}
{"level":"info","message":"Listening on port 5000"}
{"level":"info","message":"Connected to "}
{"level":"info","message":"Listening on port 5000"}
{"level":"error","message":"Calling config.get with null or undefined argument Calling config.get with null or undefined argument","stack":"Error: Calling config.get with null or undefined argument\n    at Config.get (C:\\Users\\santi\\Software Development Projects\\Node.js\\Vidly-API\\node_modules\\config\\lib\\config.js:166:11)\n    at C:\\Users\\santi\\Software Development Projects\\Node.js\\Vidly-API\\startup\\dbConnection.js:9:51\n    at process.processTicksAndRejections (node:internal/process/task_queues:105:5)"}
{"level":"info","message":"Listening on port 5000"}
{"level":"info","message":"Connected to mongodb://localhost/Vidly"}
{"level":"info","message":"Listening on port 5000"}
{"level":"info","message":"Connected to mongodb://localhost/Vidly"}
{"level":"info","message":"Listening on port 5000"}
{"level":"info","message":"Connected to mongodb://localhost/Vidly"}
{"level":"info","message":"Listening on port 5000"}
{"level":"info","message":"Connected to mongodb://localhost/Vidly"}
{"level":"info","message":"Listening on port 5000"}
{"level":"info","message":"Connected to mongodb://localhost/Vidly"}
{"level":"info","message":"Listening on port 5000"}
{"level":"info","message":"Connected to mongodb://localhost/Vidly"}
{"level":"info","message":"Listening on port 5000"}
{"level":"info","message":"Connected to mongodb://localhost/Vidly"}
